
Showing logs for build [32mcb-kubecd-bdd-gh-1585586705-pr-hdjc8-1[0m stage [32mfrom-build-pack[0m and container [32mstep-credential-initializer-lvcvk[0m
{"level":"warn","ts":1585588767.6676948,"logger":"fallback-logger","caller":"logging/config.go:69","msg":"Fetch GitHub commit ID from kodata failed: \"ref: refs/heads/0.8.0-**-support-backwards-incompats\" is not a valid GitHub commit ID"}
{"level":"info","ts":1585588767.668407,"logger":"fallback-logger","caller":"creds-init/main.go:40","msg":"Credentials initialized."}

Showing logs for build [32mcb-kubecd-bdd-gh-1585586705-pr-hdjc8-1[0m stage [32mfrom-build-pack[0m and container [32mstep-working-dir-initializer-hm2cc[0m
{"level":"warn","ts":1585588769.0895977,"logger":"fallback-logger","caller":"logging/config.go:69","msg":"Fetch GitHub commit ID from kodata failed: open /var/run/ko/HEAD: no such file or directory"}
{"level":"info","ts":1585588769.0909376,"logger":"fallback-logger","caller":"bash/main.go:64","msg":"Successfully executed command \"sh -c mkdir -p /workspace/source\"; output "}

Showing logs for build [32mcb-kubecd-bdd-gh-1585586705-pr-hdjc8-1[0m stage [32mfrom-build-pack[0m and container [32mstep-place-tools[0m

Showing logs for build [32mcb-kubecd-bdd-gh-1585586705-pr-hdjc8-1[0m stage [32mfrom-build-pack[0m and container [32mstep-git-source-cb-kubecd-bdd-gh-1585586705-pr-hdjc8-kknn8[0m
{"level":"warn","ts":1585588776.229972,"logger":"fallback-logger","caller":"logging/config.go:69","msg":"Fetch GitHub commit ID from kodata failed: \"ref: refs/heads/0.8.0-**-support-backwards-incompats\" is not a valid GitHub commit ID"}
{"level":"info","ts":1585588777.4321887,"logger":"fallback-logger","caller":"git/git.go:103","msg":"Successfully cloned https://github.com/cb-kubecd/bdd-gh-1585586705.git @ master in path /workspace/source"}

Showing logs for build [32mcb-kubecd-bdd-gh-1585586705-pr-hdjc8-1[0m stage [32mfrom-build-pack[0m and container [32mstep-git-merge[0m
Using SHAs from PULL_REFS=master:22c8bc04b2a116cf2845fbfc18e5a52be183d5cb,1:532f278ce621f802ee072f4fbc562c47747261d2
DEBUG: LC_ALL=C JX_LOG_LEVEL=error git fetch origin --unshallow 532f278ce621f802ee072f4fbc562c47747261d2: 22c8bc04b2a116cf2845fbfc18e5a52be183d5cb:
DEBUG: ran git fetch --unshallow origin 532f278ce621f802ee072f4fbc562c47747261d2: 22c8bc04b2a116cf2845fbfc18e5a52be183d5cb: in 
DEBUG: LC_ALL=C JX_LOG_LEVEL=error git branch
DEBUG: JX_LOG_LEVEL=error LC_ALL=C git checkout master
DEBUG: ran git checkout master in 
DEBUG: LC_ALL=C JX_LOG_LEVEL=error git reset --hard 22c8bc04b2a116cf2845fbfc18e5a52be183d5cb
DEBUG: ran git reset --hard 22c8bc04b2a116cf2845fbfc18e5a52be183d5cb in 
DEBUG: LC_ALL=C JX_LOG_LEVEL=error git clean -fd .
DEBUG: ran clean --force -d . in 
DEBUG: LC_ALL=C JX_LOG_LEVEL=error git merge 532f278ce621f802ee072f4fbc562c47747261d2
DEBUG: ran git merge 532f278ce621f802ee072f4fbc562c47747261d2 in 
DEBUG: LC_ALL=C JX_LOG_LEVEL=error git log --format=%H%x1f%an%x1f%ae%x1f%cn%x1f%ce%x1f%s%n%b%x1e 22c8bc04b2a116cf2845fbfc18e5a52be183d5cb..HEAD
Merged SHA 532f278ce621f802ee072f4fbc562c47747261d2 with commit message 'My first PR commit' into base branch master

Showing logs for build [32mcb-kubecd-bdd-gh-1585586705-pr-hdjc8-1[0m stage [32mfrom-build-pack[0m and container [32mstep-build-make-linux[0m
CGO_ENABLED=0 GOOS=linux GOARCH=amd64 GO15VENDOREXPERIMENT=1 go build -ldflags '' -o bin/bdd-gh-1585586705 main.go

Showing logs for build [32mcb-kubecd-bdd-gh-1585586705-pr-hdjc8-1[0m stage [32mfrom-build-pack[0m and container [32mstep-build-container-build[0m
[36mINFO[0m[0000] No base image, nothing to extract            
[36mINFO[0m[0000] cmd: EXPOSE                                  
[36mINFO[0m[0000] Adding exposed port: 8080/tcp                
[36mINFO[0m[0000] Using files from context: [/workspace/source/bin] 
[36mINFO[0m[0000] Skipping unpacking as no commands require it. 
[36mINFO[0m[0000] Taking snapshot of full filesystem...        
[36mINFO[0m[0000] EXPOSE 8080                                  
[36mINFO[0m[0000] cmd: EXPOSE                                  
[36mINFO[0m[0000] Adding exposed port: 8080/tcp                
[36mINFO[0m[0000] No files changed in this command, skipping snapshotting. 
[36mINFO[0m[0000] ENTRYPOINT ["/bdd-gh-1585586705"]            
[36mINFO[0m[0000] No files changed in this command, skipping snapshotting. 
[36mINFO[0m[0000] Using files from context: [/workspace/source/bin] 
[36mINFO[0m[0000] COPY ./bin/ /                                
[36mINFO[0m[0000] Taking snapshot of files...                  
2020/03/30 17:19:53 pushed blob: sha256:7d1c3b6e9c341a423a89b536f3a7ed78d8678e7432d1075c8ce229e9fd05ac05
2020/03/30 17:19:53 pushed blob: sha256:7b6c6f467af77546a53553d7d7f5eadd53444b364805bfed47c8350db01031da
2020/03/30 17:19:55 gcr.io/jenkins-x-bdd3/bdd-gh-1585586705:0.0.0-SNAPSHOT-PR-1-1: digest: sha256:9a2f12db742508bacb440dd0f5964d6ae8c3507359707a588c9f4a4591b71b96 size: 428

Showing logs for build [32mcb-kubecd-bdd-gh-1585586705-pr-hdjc8-1[0m stage [32mfrom-build-pack[0m and container [32mstep-postbuild-post-build[0m
no CVE provider running in the current ** namespace so skip adding image to be analysed

Showing logs for build [32mcb-kubecd-bdd-gh-1585586705-pr-hdjc8-1[0m stage [32mfrom-build-pack[0m and container [32mstep-promote-make-preview[0m
sed -i -e "s/version:.*/version: 0.0.0-SNAPSHOT-PR-1-1/" Chart.yaml
sed -i -e "s/version:.*/version: 0.0.0-SNAPSHOT-PR-1-1/" ../*/Chart.yaml
sed -i -e "s|repository:.*|repository: gcr.io\/jenkins-x-bdd3\/bdd-gh-1585586705|" values.yaml
sed -i -e "s/tag:.*/tag: 0.0.0-SNAPSHOT-PR-1-1/" values.yaml
echo "  version: 0.0.0-SNAPSHOT-PR-1-1" >> requirements.yaml
** step helm build
WARNING: No $CHART_REPOSITORY defined so using the default value of: http://jenkins-x-chartmuseum:8080
Adding missing Helm repo: storage.googleapis.com https://storage.googleapis.com/chartmuseum.jenkins-x.io
WARNING: No secrets found on "helm/repos" due: reading the secret "helm/repos" from vault: no secret "helm/repos" not found in vault
Read credentials for https://storage.googleapis.com/chartmuseum.jenkins-x.io from vault helm/repos
Successfully added Helm repository storage.googleapis.com.
Adding missing Helm repo: jenkins-x-chartmuseum http://jenkins-x-chartmuseum:8080
WARNING: No secrets found on "helm/repos" due: reading the secret "helm/repos" from vault: no secret "helm/repos" not found in vault
Read credentials for http://jenkins-x-chartmuseum:8080 from vault helm/repos
Successfully added Helm repository jenkins-x-chartmuseum.
WARNING: No $CHART_REPOSITORY defined so using the default value of: http://jenkins-x-chartmuseum:8080
Adding missing Helm repo: chartmuseum.jenkins-x.io http://chartmuseum.jenkins-x.io
WARNING: No secrets found on "helm/repos" due: reading the secret "helm/repos" from vault: no secret "helm/repos" not found in vault
Read credentials for http://chartmuseum.jenkins-x.io from vault helm/repos
Successfully added Helm repository chartmuseum.jenkins-x.io.

Showing logs for build [32mcb-kubecd-bdd-gh-1585586705-pr-hdjc8-1[0m stage [32mfrom-build-pack[0m and container [32mstep-promote-jx-preview[0m
Creating a preview
Created environment cb-kubecd-bdd-gh-1585586705-pr-1
Namespace **-cb-kubecd-bdd-gh-1585586705-pr-1 created 
expose:
  Annotations:
    helm.sh/hook: post-install,post-upgrade
    helm.sh/hook-delete-policy: hook-succeeded
  config:
    domain: 130.211.100.221.nip.io
    exposer: Ingress
    http: "true"
preview:
  image:
    repository: gcr.io/jenkins-x-bdd3/bdd-gh-1585586705
    tag: 0.0.0-SNAPSHOT-PR-1-1

Updating PipelineActivities cb-kubecd-bdd-gh-1585586705-pr-1-1 which has status Running
WARNING: preview application http://bdd-gh-1585586705.**-cb-kubecd-bdd-gh-1585586705-pr-1.130.211.100.221.nip.io not available, error was 503 503 Service Temporarily Unavailable, delaying for: 1.089834185s
WARNING: preview application http://bdd-gh-1585586705.**-cb-kubecd-bdd-gh-1585586705-pr-1.130.211.100.221.nip.io not available, error was 503 503 Service Temporarily Unavailable, delaying for: 2.067017638s
WARNING: preview application http://bdd-gh-1585586705.**-cb-kubecd-bdd-gh-1585586705-pr-1.130.211.100.221.nip.io not available, error was 503 503 Service Temporarily Unavailable, delaying for: 1.184096588s
Preview application is now available at: http://bdd-gh-1585586705.**-cb-kubecd-bdd-gh-1585586705-pr-1.130.211.100.221.nip.io
